<?xml version="1.0" encoding="UTF-8"?>
<TestRun id="414972e3-294c-439d-9b82-6b816e8038fa" name="swebster@SWEBSTER-FUSION 2011-12-13 16:39:07" runUser="CORP\swebster" xmlns="http://microsoft.com/schemas/VisualStudio/TeamTest/2010">
  <TestSettings name="Local" id="4df3f120-1c0b-422c-ac06-774d00a188af">
    <Description>These are default test settings for a local test run.</Description>
    <Deployment userDeploymentRoot="c:\users\swebster.corp\documents\visual studio 2010\git\MomentApp\TestResults" useDefaultDeploymentRoot="false" enabled="false" runDeploymentRoot="swebster_SWEBSTER-FUSION 2011-12-13 16_39_07">
      <DeploymentItem filename="c:\users\swebster.corp\documents\visual studio 2010\git\MomentApp\MomentApp\bin\Debug\MomentApp.dll" />
    </Deployment>
    <Execution>
      <TestTypeSpecific />
      <AgentRule name="Execution Agents">
      </AgentRule>
    </Execution>
  </TestSettings>
  <Times creation="2011-12-13T16:39:07.5437251-07:00" queuing="2011-12-13T16:39:08.5108218-07:00" start="2011-12-13T16:39:08.6818389-07:00" finish="2011-12-13T16:39:41.1077515-07:00" />
  <ResultSummary outcome="Error">
    <Counters total="1" executed="1" error="0" failed="0" timeout="0" aborted="1" inconclusive="0" passedButRunAborted="0" notRunnable="0" notExecuted="0" disconnected="0" warning="0" passed="0" completed="0" inProgress="0" pending="0" />
    <RunInfos>
      <RunInfo computerName="SWEBSTER-FUSION" outcome="Error" timestamp="2011-12-13T16:39:41.1057523-07:00">
        <Text>Test host process exited unexpectedly.</Text>
      </RunInfo>
    </RunInfos>
  </ResultSummary>
  <TestDefinitions>
    <UnitTest name="TestScheduleJob" storage="c:\users\swebster.corp\documents\visual studio 2010\git\momentapp\momentapp.tests\bin\debug\momentapp.tests.dll" id="4e8ffdc0-08e3-d9c8-dd48-7e709b2509a6">
      <Execution id="4335879d-a9ec-40d2-bbc3-ca29cfa5baab" />
      <TestMethod codeBase="c:/users/swebster.corp/documents/visual studio 2010/git/MomentApp/MomentApp.Tests/bin/Debug/MomentApp.Tests.DLL" adapterTypeName="Microsoft.VisualStudio.TestTools.TestTypes.Unit.UnitTestAdapter, Microsoft.VisualStudio.QualityTools.Tips.UnitTest.Adapter, Version=10.0.0.0, Culture=neutral, PublicKeyToken=b03f5f7f11d50a3a" className="MomentApp.Tests.UnitTest1, MomentApp.Tests, Version=1.0.0.0, Culture=neutral, PublicKeyToken=null" name="TestScheduleJob" />
    </UnitTest>
  </TestDefinitions>
  <TestLists>
    <TestList name="Results Not in a List" id="8c84fa94-04c1-424b-9868-57a2d4851a1d" />
    <TestList name="All Loaded Results" id="19431567-8539-422a-85d7-44ee4e166bda" />
  </TestLists>
  <TestEntries>
    <TestEntry testId="4e8ffdc0-08e3-d9c8-dd48-7e709b2509a6" executionId="4335879d-a9ec-40d2-bbc3-ca29cfa5baab" testListId="8c84fa94-04c1-424b-9868-57a2d4851a1d" />
  </TestEntries>
  <Results>
    <UnitTestResult executionId="4335879d-a9ec-40d2-bbc3-ca29cfa5baab" testId="4e8ffdc0-08e3-d9c8-dd48-7e709b2509a6" testName="TestScheduleJob" computerName="SWEBSTER-FUSION" duration="00:00:32.2828983" startTime="2011-12-13T16:39:08.8248532-07:00" endTime="2011-12-13T16:39:41.1077515-07:00" testType="13cdc9d9-ddb5-4fa4-a97d-d965ccfc6d4b" outcome="Aborted" testListId="8c84fa94-04c1-424b-9868-57a2d4851a1d" relativeResultsDirectory="4335879d-a9ec-40d2-bbc3-ca29cfa5baab">
    </UnitTestResult>
  </Results>
</TestRun>