<?xml version="1.0" encoding="UTF-8"?>
<TestRun id="1ec1c100-25ae-4d30-829f-6c81d05975a3" name="swebster@SWEBSTER-FUSION 2011-12-13 16:37:41" runUser="CORP\swebster" xmlns="http://microsoft.com/schemas/VisualStudio/TeamTest/2010">
  <TestSettings name="Local" id="4df3f120-1c0b-422c-ac06-774d00a188af">
    <Description>These are default test settings for a local test run.</Description>
    <Deployment enabled="false" runDeploymentRoot="swebster_SWEBSTER-FUSION 2011-12-13 16_37_41">
      <DeploymentItem filename="c:\users\swebster.corp\documents\visual studio 2010\git\MomentApp\MomentApp\bin\Debug\MomentApp.dll" />
    </Deployment>
    <Execution>
      <TestTypeSpecific />
      <AgentRule name="Execution Agents">
      </AgentRule>
    </Execution>
  </TestSettings>
  <Times creation="2011-12-13T16:37:41.2780994-07:00" queuing="2011-12-13T16:37:41.8881604-07:00" start="2011-12-13T16:37:41.9401656-07:00" finish="2011-12-13T16:37:43.3363052-07:00" />
  <ResultSummary outcome="Failed">
    <Counters total="1" executed="1" error="0" failed="1" timeout="0" aborted="0" inconclusive="0" passedButRunAborted="0" notRunnable="0" notExecuted="0" disconnected="0" warning="0" passed="0" completed="0" inProgress="0" pending="0" />
  </ResultSummary>
  <TestDefinitions>
    <UnitTest name="TestScheduleJob" storage="c:\users\swebster.corp\documents\visual studio 2010\git\momentapp\momentapp.tests\bin\debug\momentapp.tests.dll" id="4e8ffdc0-08e3-d9c8-dd48-7e709b2509a6">
      <Execution id="6d5310bf-a0dd-4990-999e-cd2a0bdafb70" />
      <TestMethod codeBase="c:/users/swebster.corp/documents/visual studio 2010/git/MomentApp/MomentApp.Tests/bin/Debug/MomentApp.Tests.DLL" adapterTypeName="Microsoft.VisualStudio.TestTools.TestTypes.Unit.UnitTestAdapter, Microsoft.VisualStudio.QualityTools.Tips.UnitTest.Adapter, Version=10.0.0.0, Culture=neutral, PublicKeyToken=b03f5f7f11d50a3a" className="MomentApp.Tests.UnitTest1, MomentApp.Tests, Version=1.0.0.0, Culture=neutral, PublicKeyToken=null" name="TestScheduleJob" />
    </UnitTest>
  </TestDefinitions>
  <TestLists>
    <TestList name="Results Not in a List" id="8c84fa94-04c1-424b-9868-57a2d4851a1d" />
    <TestList name="All Loaded Results" id="19431567-8539-422a-85d7-44ee4e166bda" />
  </TestLists>
  <TestEntries>
    <TestEntry testId="4e8ffdc0-08e3-d9c8-dd48-7e709b2509a6" executionId="6d5310bf-a0dd-4990-999e-cd2a0bdafb70" testListId="8c84fa94-04c1-424b-9868-57a2d4851a1d" />
  </TestEntries>
  <Results>
    <UnitTestResult executionId="6d5310bf-a0dd-4990-999e-cd2a0bdafb70" testId="4e8ffdc0-08e3-d9c8-dd48-7e709b2509a6" testName="TestScheduleJob" computerName="SWEBSTER-FUSION" duration="00:00:01.0269091" startTime="2011-12-13T16:37:41.9661682-07:00" endTime="2011-12-13T16:37:43.3043020-07:00" testType="13cdc9d9-ddb5-4fa4-a97d-d965ccfc6d4b" outcome="Failed" testListId="8c84fa94-04c1-424b-9868-57a2d4851a1d" relativeResultsDirectory="6d5310bf-a0dd-4990-999e-cd2a0bdafb70">
      <Output>
        <ErrorInfo>
          <Message>Test method MomentApp.Tests.UnitTest1.TestScheduleJob threw exception: 
System.Exception: Failed: {
  "at": "Missing parameter.  Make sure you include a date to run the job.",
  "uri": "Missing parameter.  Make sure you include a URI for the job to request.",
  "method": "Missing parameter.  Make sure you include a method (i.e. GET, POST, PUT, or DELETE) for the job."
}</Message>
          <StackTrace>    at MomentApp.Moment.ScheduleJob(Job job) in c:\users\swebster.corp\documents\visual studio 2010\git\MomentApp\MomentApp\Moment.cs:line 48
   at MomentApp.Tests.UnitTest1.TestScheduleJob() in c:\users\swebster.corp\documents\visual studio 2010\git\MomentApp\MomentApp.Tests\UnitTest1.cs:line 16
</StackTrace>
        </ErrorInfo>
      </Output>
    </UnitTestResult>
  </Results>
</TestRun>